File 64x64 input done!
Dialing successed...
Dialing successed...
Dialing successed...
File 64x64x100 output done!
goos: linux
goarch: amd64
pkg: uk.ac.bris.cs/gameoflife
cpu: 13th Gen Intel(R) Core(TM) i5-13500H
BenchmarkGol/64x64x100-1-16         	       1	8447578606 ns/op
File 64x64 input done!
Dialing successed...
Dialing successed...
Dialing successed...
File 64x64x100 output done!
BenchmarkGol/64x64x100-2-16         	       1	8679469416 ns/op
File 64x64 input done!
Dialing successed...
Dialing successed...
Dialing successed...
File 64x64x100 output done!
BenchmarkGol/64x64x100-3-16         	       1	8964636238 ns/op
File 64x64 input done!
Dialing successed...
Dialing successed...
Dialing successed...
File 64x64x100 output done!
BenchmarkGol/64x64x100-4-16         	       1	9076247224 ns/op
File 64x64 input done!
Dialing successed...
Dialing successed...
Dialing successed...
File 64x64x100 output done!
BenchmarkGol/64x64x100-5-16         	       1	10092348567 ns/op
File 64x64 input done!
Dialing successed...
Dialing successed...
Dialing successed...
File 64x64x100 output done!
BenchmarkGol/64x64x100-6-16         	       1	9532268258 ns/op
File 64x64 input done!
Dialing successed...
Dialing successed...
Dialing successed...
File 64x64x100 output done!
BenchmarkGol/64x64x100-7-16         	       1	9803162079 ns/op
File 64x64 input done!
Dialing successed...
Dialing successed...
Dialing successed...
File 64x64x100 output done!
BenchmarkGol/64x64x100-8-16         	       1	9675129047 ns/op
File 64x64 input done!
Dialing successed...
Dialing successed...
Dialing successed...
File 64x64x100 output done!
BenchmarkGol/64x64x100-9-16         	       1	9494613950 ns/op
File 64x64 input done!
Dialing successed...
Dialing successed...
Dialing successed...
File 64x64x100 output done!
BenchmarkGol/64x64x100-10-16        	       1	9802654643 ns/op
File 64x64 input done!
Dialing successed...
Dialing successed...
Dialing successed...
File 64x64x100 output done!
BenchmarkGol/64x64x100-11-16        	       1	9495717576 ns/op
File 64x64 input done!
Dialing successed...
Dialing successed...
Dialing successed...
File 64x64x100 output done!
BenchmarkGol/64x64x100-12-16        	       1	9522845380 ns/op
File 64x64 input done!
Dialing successed...
Dialing successed...
Dialing successed...
File 64x64x100 output done!
BenchmarkGol/64x64x100-13-16        	       1	9827045563 ns/op
File 64x64 input done!
Dialing successed...
Dialing successed...
Dialing successed...
File 64x64x100 output done!
BenchmarkGol/64x64x100-14-16        	       1	11035964113 ns/op
File 64x64 input done!
Dialing successed...
Dialing successed...
Dialing successed...
File 64x64x100 output done!
BenchmarkGol/64x64x100-15-16        	       1	9345234303 ns/op
File 64x64 input done!
Dialing successed...
Dialing successed...
Dialing successed...
File 64x64x100 output done!
BenchmarkGol/64x64x100-16-16        	       1	9532248865 ns/op
PASS
ok  	uk.ac.bris.cs/gameoflife	152.345s
